Release 14.7 Map P.20131013 (nt64)
Xilinx Mapping Report File for Design 'board_top'

Design Information
------------------
Command Line   : map -intstyle ise -p xc7a100t-csg324-3 -w -logic_opt off -ol
high -t 1 -xt 0 -register_duplication off -r 4 -mt off -ir off -pr off -lc off
-power off -o board_top_map.ncd board_top.ngd board_top.pcf 
Target Device  : xc7a100t
Target Package : csg324
Target Speed   : -3
Mapper Version : artix7 -- $Revision: 1.55 $
Mapped Date    : Fri Jun 30 21:37:43 2017

Design Summary
--------------
Number of errors:      0
Number of warnings:    3
Slice Logic Utilization:
  Number of Slice Registers:                   361 out of 126,800    1%
    Number used as Flip Flops:                 361
    Number used as Latches:                      0
    Number used as Latch-thrus:                  0
    Number used as AND/OR logics:                0
  Number of Slice LUTs:                        637 out of  63,400    1%
    Number used as logic:                      633 out of  63,400    1%
      Number using O6 output only:             462
      Number using O5 output only:              97
      Number using O5 and O6:                   74
      Number used as ROM:                        0
    Number used as Memory:                       0 out of  19,000    0%
    Number used exclusively as route-thrus:      4
      Number with same-slice register load:      0
      Number with same-slice carry load:         4
      Number with other load:                    0

Slice Logic Distribution:
  Number of occupied Slices:                   181 out of  15,850    1%
  Number of LUT Flip Flop pairs used:          638
    Number with an unused Flip Flop:           316 out of     638   49%
    Number with an unused LUT:                   1 out of     638    1%
    Number of fully used LUT-FF pairs:         321 out of     638   50%
    Number of unique control sets:              15
    Number of slice register sites lost
      to control set restrictions:              15 out of 126,800    1%

  A LUT Flip Flop pair for this architecture represents one LUT paired with
  one Flip Flop within a slice.  A control set is a unique combination of
  clock, reset, set, and enable signals for a registered element.
  The Slice Logic Distribution report is not meaningful if the design is
  over-mapped for a non-slice resource or if Placement fails.
  OVERMAPPING of BRAM resources should be ignored if the design is
  over-mapped for a non-BRAM resource or if placement fails.

IO Utilization:
  Number of bonded IOBs:                        55 out of     210   26%
    Number of LOCed IOBs:                       55 out of      55  100%

Specific Feature Utilization:
  Number of RAMB36E1/FIFO36E1s:                  1 out of     135    1%
    Number using RAMB36E1 only:                  1
    Number using FIFO36E1 only:                  0
  Number of RAMB18E1/FIFO18E1s:                  0 out of     270    0%
  Number of BUFG/BUFGCTRLs:                      1 out of      32    3%
    Number used as BUFGs:                        1
    Number used as BUFGCTRLs:                    0
  Number of IDELAYE2/IDELAYE2_FINEDELAYs:        0 out of     300    0%
  Number of ILOGICE2/ILOGICE3/ISERDESE2s:        0 out of     300    0%
  Number of ODELAYE2/ODELAYE2_FINEDELAYs:        0
  Number of OLOGICE2/OLOGICE3/OSERDESE2s:        0 out of     300    0%
  Number of PHASER_IN/PHASER_IN_PHYs:            0 out of      24    0%
  Number of PHASER_OUT/PHASER_OUT_PHYs:          0 out of      24    0%
  Number of BSCANs:                              0 out of       4    0%
  Number of BUFHCEs:                             0 out of      96    0%
  Number of BUFRs:                               0 out of      24    0%
  Number of CAPTUREs:                            0 out of       1    0%
  Number of DNA_PORTs:                           0 out of       1    0%
  Number of DSP48E1s:                            0 out of     240    0%
  Number of EFUSE_USRs:                          0 out of       1    0%
  Number of FRAME_ECCs:                          0 out of       1    0%
  Number of IBUFDS_GTE2s:                        0 out of       4    0%
  Number of ICAPs:                               0 out of       2    0%
  Number of IDELAYCTRLs:                         0 out of       6    0%
  Number of IN_FIFOs:                            0 out of      24    0%
  Number of MMCME2_ADVs:                         0 out of       6    0%
  Number of OUT_FIFOs:                           0 out of      24    0%
  Number of PCIE_2_1s:                           0 out of       1    0%
  Number of PHASER_REFs:                         0 out of       6    0%
  Number of PHY_CONTROLs:                        0 out of       6    0%
  Number of PLLE2_ADVs:                          0 out of       6    0%
  Number of STARTUPs:                            0 out of       1    0%
  Number of XADCs:                               0 out of       1    0%

Average Fanout of Non-Clock Nets:                4.10

Peak Memory Usage:  978 MB
Total REAL time to MAP completion:  44 secs 
Total CPU time to MAP completion:   44 secs 

Table of Contents
-----------------
Section 1 - Errors
Section 2 - Warnings
Section 3 - Informational
Section 4 - Removed Logic Summary
Section 5 - Removed Logic
Section 6 - IOB Properties
Section 7 - RPMs
Section 8 - Guide Report
Section 9 - Area Group and Partition Summary
Section 10 - Timing Report
Section 11 - Configuration String Information
Section 12 - Control Set Information
Section 13 - Utilization by Hierarchy

Section 1 - Errors
------------------

Section 2 - Warnings
--------------------
WARNING:Security:43 - No license file was found in the standard Xilinx license
directory.
WARNING:Security:44 - Since no license file was found,
WARNING:Security:42 - Your software subscription period has lapsed. Your current
version of Xilinx tools will continue to function, but you no longer qualify for
Xilinx software updates or new releases.
WARNING:Pack:2912 - The LUT-1 inverter "CPU0/resetb_cpu_inv1_INV_0" failed to
   join the "OLOGICE2" comp matched to output buffer "led_14_OBUF".  This may
   result in suboptimal timing.  The LUT-1 inverter CPU0/resetb_cpu_inv1_INV_0
   drives multiple loads.
WARNING:Pack:2912 - The LUT-1 inverter "CPU0/resetb_cpu_inv1_INV_0" failed to
   join the "OLOGICE2" comp matched to output buffer "led_15_OBUF".  This may
   result in suboptimal timing.  The LUT-1 inverter CPU0/resetb_cpu_inv1_INV_0
   drives multiple loads.
WARNING:Place:838 - An IO Bus with more than one IO standard is found.
   Components associated with this bus are as follows: 
   	 Comp: sw<0>   IOSTANDARD = LVCMOS33
   	 Comp: sw<1>   IOSTANDARD = LVCMOS33
   	 Comp: sw<2>   IOSTANDARD = LVCMOS33
   	 Comp: sw<3>   IOSTANDARD = LVCMOS33
   	 Comp: sw<4>   IOSTANDARD = LVCMOS33
   	 Comp: sw<5>   IOSTANDARD = LVCMOS33
   	 Comp: sw<6>   IOSTANDARD = LVCMOS33
   	 Comp: sw<7>   IOSTANDARD = LVCMOS33
   	 Comp: sw<8>   IOSTANDARD = LVCMOS18
   	 Comp: sw<9>   IOSTANDARD = LVCMOS18
   	 Comp: sw<10>   IOSTANDARD = LVCMOS33
   	 Comp: sw<11>   IOSTANDARD = LVCMOS33
   	 Comp: sw<12>   IOSTANDARD = LVCMOS33
   	 Comp: sw<13>   IOSTANDARD = LVCMOS33
   	 Comp: sw<14>   IOSTANDARD = LVCMOS33
   	 Comp: sw<15>   IOSTANDARD = LVCMOS33



Section 3 - Informational
-------------------------
INFO:Security:51 - The XILINXD_LICENSE_FILE environment variable is not set.
INFO:Security:52 - The LM_LICENSE_FILE environment variable is set to
'1715@lic-modelsim.usc.edu;1713@ics-lic.usc.edu'.
INFO:Security:54 - 'xc7a100t' is a WebPack part.
INFO:LIT:244 - All of the single ended outputs in this design are using slew
   rate limited output drivers. The delay on speed critical single ended outputs
   can be dramatically reduced by designating them as fast outputs.
INFO:Pack:1716 - Initializing temperature to 85.000 Celsius. (default - Range:
   0.000 to 85.000 Celsius)
INFO:Pack:1720 - Initializing voltage to 0.950 Volts. (default - Range: 0.950 to
   1.050 Volts)
INFO:Map:215 - The Interim Design Summary has been generated in the MAP Report
   (.mrp).
INFO:Pack:1650 - Map created a placed design.

Section 4 - Removed Logic Summary
---------------------------------
   2 block(s) optimized away

Section 5 - Removed Logic
-------------------------

Optimized Block(s):
TYPE 		BLOCK
GND 		XST_GND
VCC 		XST_VCC

To enable printing of redundant blocks removed and signals merged, set the
detailed map report option and rerun map.

Section 6 - IOB Properties
--------------------------

+---------------------------------------------------------------------------------------------------------------------------------------------------------+
| IOB Name                           | Type             | Direction | IO Standard          | Diff  | Drive    | Slew | Reg (s)      | Resistor | IOB      |
|                                    |                  |           |                      | Term  | Strength | Rate |              |          | Delay    |
+---------------------------------------------------------------------------------------------------------------------------------------------------------+
| an<0>                              | IOB33            | OUTPUT    | LVCMOS33             |       | 12       | SLOW |              |          |          |
| an<1>                              | IOB33            | OUTPUT    | LVCMOS33             |       | 12       | SLOW |              |          |          |
| an<2>                              | IOB33            | OUTPUT    | LVCMOS33             |       | 12       | SLOW |              |          |          |
| an<3>                              | IOB33            | OUTPUT    | LVCMOS33             |       | 12       | SLOW |              |          |          |
| an<4>                              | IOB33            | OUTPUT    | LVCMOS33             |       | 12       | SLOW |              |          |          |
| an<5>                              | IOB33            | OUTPUT    | LVCMOS33             |       | 12       | SLOW |              |          |          |
| an<6>                              | IOB33            | OUTPUT    | LVCMOS33             |       | 12       | SLOW |              |          |          |
| an<7>                              | IOB33            | OUTPUT    | LVCMOS33             |       | 12       | SLOW |              |          |          |
| btnc                               | IOB33            | INPUT     | LVCMOS33             |       |          |      |              |          |          |
| btnd                               | IOB33            | INPUT     | LVCMOS33             |       |          |      |              |          |          |
| btnl                               | IOB33            | INPUT     | LVCMOS33             |       |          |      |              |          |          |
| btnr                               | IOB33            | INPUT     | LVCMOS33             |       |          |      |              |          |          |
| btnu                               | IOB33            | INPUT     | LVCMOS33             |       |          |      |              |          |          |
| ca                                 | IOB33            | OUTPUT    | LVCMOS33             |       | 12       | SLOW |              |          |          |
| cb                                 | IOB33            | OUTPUT    | LVCMOS33             |       | 12       | SLOW |              |          |          |
| cc                                 | IOB33            | OUTPUT    | LVCMOS33             |       | 12       | SLOW |              |          |          |
| cd                                 | IOB33            | OUTPUT    | LVCMOS33             |       | 12       | SLOW |              |          |          |
| ce                                 | IOB33            | OUTPUT    | LVCMOS33             |       | 12       | SLOW |              |          |          |
| cf                                 | IOB33            | OUTPUT    | LVCMOS33             |       | 12       | SLOW |              |          |          |
| cg                                 | IOB33            | OUTPUT    | LVCMOS33             |       | 12       | SLOW |              |          |          |
| clk100mhz                          | IOB33            | INPUT     | LVCMOS33             |       |          |      |              |          |          |
| cpu_resetn                         | IOB33            | INPUT     | LVCMOS33             |       |          |      |              |          |          |
| dp                                 | IOB33            | OUTPUT    | LVCMOS33             |       | 12       | SLOW |              |          |          |
| led<0>                             | IOB33            | OUTPUT    | LVCMOS33             |       | 12       | SLOW |              |          |          |
| led<1>                             | IOB33            | OUTPUT    | LVCMOS33             |       | 12       | SLOW |              |          |          |
| led<2>                             | IOB33            | OUTPUT    | LVCMOS33             |       | 12       | SLOW |              |          |          |
| led<3>                             | IOB33            | OUTPUT    | LVCMOS33             |       | 12       | SLOW |              |          |          |
| led<4>                             | IOB33            | OUTPUT    | LVCMOS33             |       | 12       | SLOW |              |          |          |
| led<5>                             | IOB33            | OUTPUT    | LVCMOS33             |       | 12       | SLOW |              |          |          |
| led<6>                             | IOB33            | OUTPUT    | LVCMOS33             |       | 12       | SLOW |              |          |          |
| led<7>                             | IOB33            | OUTPUT    | LVCMOS33             |       | 12       | SLOW |              |          |          |
| led<8>                             | IOB33            | OUTPUT    | LVCMOS33             |       | 12       | SLOW |              |          |          |
| led<9>                             | IOB33            | OUTPUT    | LVCMOS33             |       | 12       | SLOW |              |          |          |
| led<10>                            | IOB33            | OUTPUT    | LVCMOS33             |       | 12       | SLOW |              |          |          |
| led<11>                            | IOB33            | OUTPUT    | LVCMOS33             |       | 12       | SLOW |              |          |          |
| led<12>                            | IOB33            | OUTPUT    | LVCMOS33             |       | 12       | SLOW |              |          |          |
| led<13>                            | IOB33            | OUTPUT    | LVCMOS33             |       | 12       | SLOW |              |          |          |
| led<14>                            | IOB33            | OUTPUT    | LVCMOS33             |       | 12       | SLOW |              |          |          |
| led<15>                            | IOB33            | OUTPUT    | LVCMOS33             |       | 12       | SLOW |              |          |          |
| sw<0>                              | IOB33            | INPUT     | LVCMOS33             |       |          |      |              |          |          |
| sw<1>                              | IOB33            | INPUT     | LVCMOS33             |       |          |      |              |          |          |
| sw<2>                              | IOB33            | INPUT     | LVCMOS33             |       |          |      |              |          |          |
| sw<3>                              | IOB33            | INPUT     | LVCMOS33             |       |          |      |              |          |          |
| sw<4>                              | IOB33            | INPUT     | LVCMOS33             |       |          |      |              |          |          |
| sw<5>                              | IOB33            | INPUT     | LVCMOS33             |       |          |      |              |          |          |
| sw<6>                              | IOB33            | INPUT     | LVCMOS33             |       |          |      |              |          |          |
| sw<7>                              | IOB33            | INPUT     | LVCMOS33             |       |          |      |              |          |          |
| sw<8>                              | IOB              | INPUT     | LVCMOS18             |       |          |      |              |          |          |
| sw<9>                              | IOB              | INPUT     | LVCMOS18             |       |          |      |              |          |          |
| sw<10>                             | IOB33            | INPUT     | LVCMOS33             |       |          |      |              |          |          |
| sw<11>                             | IOB33            | INPUT     | LVCMOS33             |       |          |      |              |          |          |
| sw<12>                             | IOB33            | INPUT     | LVCMOS33             |       |          |      |              |          |          |
| sw<13>                             | IOB33            | INPUT     | LVCMOS33             |       |          |      |              |          |          |
| sw<14>                             | IOB33            | INPUT     | LVCMOS33             |       |          |      |              |          |          |
| sw<15>                             | IOB33            | INPUT     | LVCMOS33             |       |          |      |              |          |          |
+---------------------------------------------------------------------------------------------------------------------------------------------------------+

Section 7 - RPMs
----------------

Section 8 - Guide Report
------------------------
Guide not run on this design.

Section 9 - Area Group and Partition Summary
--------------------------------------------

Partition Implementation Status
-------------------------------

  No Partitions were found in this design.

-------------------------------

Area Group Information
----------------------

  No area groups were found in this design.

----------------------

Section 10 - Timing Report
--------------------------
A logic-level (pre-route) timing report can be generated by using Xilinx static
timing analysis tools, Timing Analyzer (GUI) or TRCE (command line), with the
mapped NCD and PCF files. Please note that this timing report will be generated
using estimated delay information. For accurate numbers, please generate a
timing report with the post Place and Route NCD file.

For more information about the Timing Analyzer, consult the Xilinx Timing
Analyzer Reference Manual; for more information about TRCE, consult the Xilinx
Command Line Tools User Guide "TRACE" chapter.

Section 11 - Configuration String Details
-----------------------------------------
Use the "-detail" map option to print out Configuration Strings

Section 12 - Control Set Information
------------------------------------
Use the "-detail" map option to print out Control Set Information.

Section 13 - Utilization by Hierarchy
-------------------------------------
Use the "-detail" map option to print out the Utilization by Hierarchy section.
