ISim log file
Running: D:\Library\Projects\Subeq\Subleq V2\SubLEQV2\cpu_top_tb_isim_beh.exe -intstyle ise -gui -tclbatch isim.cmd -view D:/Library/Projects/Subeq/Subleq V2/SubLEQV2/Default.wcfg -wdb D:/Library/Projects/Subeq/Subleq V2/SubLEQV2/cpu_top_tb_isim_beh.wdb 
ISim P.20131013 (signature 0x7708f090)
----------------------------------------------------------------------
INFO:Security:51 - The XILINXD_LICENSE_FILE environment variable is not set.
INFO:Security:52 - The LM_LICENSE_FILE environment variable is set to '1715@lic-modelsim.usc.edu;1713@ics-lic.usc.edu'.
WARNING:Security:43 - No license file was found in the standard Xilinx license directory.
WARNING:Security:44 - Since no license file was found,
       please run the Xilinx License Configuration Manager
       (xlcm or "Manage Xilinx Licenses")
       to assist in obtaining a license.
WARNING:Security:42 - Your software subscription period has lapsed. Your current version of Xilinx tools will continue to function, but you no longer qualify for Xilinx software updates or new releases.


----------------------------------------------------------------------
This is a Full version of ISim.
Time resolution is 1 ps
# onerror resume
# run 10us
Simulator is doing circuit initialization process.
Finished circuit initialization process.
at 465 ns, Instance /cpu_top_tb/UUT/MMU0/RAM0/ : Warning: NUMERIC_STD.TO_INTEGER: metavalue detected, returning 0
at 465 ns, Instance /cpu_top_tb/UUT/MMU0/SFR0/ : Warning: NUMERIC_STD.TO_INTEGER: metavalue detected, returning 0
at 495 ns, Instance /cpu_top_tb/UUT/MMU0/RAM0/ : Warning: NUMERIC_STD.TO_INTEGER: metavalue detected, returning 0
at 495 ns, Instance /cpu_top_tb/UUT/MMU0/SFR0/ : Warning: NUMERIC_STD.TO_INTEGER: metavalue detected, returning 0
at 525 ns, Instance /cpu_top_tb/UUT/MMU0/RAM0/ : Warning: NUMERIC_STD.TO_INTEGER: metavalue detected, returning 0
at 525 ns, Instance /cpu_top_tb/UUT/MMU0/SFR0/ : Warning: NUMERIC_STD.TO_INTEGER: metavalue detected, returning 0
at 555 ns, Instance /cpu_top_tb/UUT/MMU0/RAM0/ : Warning: NUMERIC_STD.TO_INTEGER: metavalue detected, returning 0
at 555 ns, Instance /cpu_top_tb/UUT/MMU0/SFR0/ : Warning: NUMERIC_STD.TO_INTEGER: metavalue detected, returning 0
at 585 ns, Instance /cpu_top_tb/UUT/MMU0/RAM0/ : Warning: NUMERIC_STD.TO_INTEGER: metavalue detected, returning 0
at 585 ns, Instance /cpu_top_tb/UUT/MMU0/SFR0/ : Warning: NUMERIC_STD.TO_INTEGER: metavalue detected, returning 0
at 615 ns, Instance /cpu_top_tb/UUT/MMU0/RAM0/ : Warning: NUMERIC_STD.TO_INTEGER: metavalue detected, returning 0
at 615 ns, Instance /cpu_top_tb/UUT/MMU0/SFR0/ : Warning: NUMERIC_STD.TO_INTEGER: metavalue detected, returning 0
at 645 ns, Instance /cpu_top_tb/UUT/MMU0/RAM0/ : Warning: NUMERIC_STD.TO_INTEGER: metavalue detected, returning 0
at 645 ns, Instance /cpu_top_tb/UUT/MMU0/SFR0/ : Warning: NUMERIC_STD.TO_INTEGER: metavalue detected, returning 0
at 675 ns, Instance /cpu_top_tb/UUT/MMU0/RAM0/ : Warning: NUMERIC_STD.TO_INTEGER: metavalue detected, returning 0
at 675 ns, Instance /cpu_top_tb/UUT/MMU0/SFR0/ : Warning: NUMERIC_STD.TO_INTEGER: metavalue detected, returning 0
at 705 ns, Instance /cpu_top_tb/UUT/MMU0/RAM0/ : Warning: NUMERIC_STD.TO_INTEGER: metavalue detected, returning 0
at 705 ns, Instance /cpu_top_tb/UUT/MMU0/SFR0/ : Warning: NUMERIC_STD.TO_INTEGER: metavalue detected, returning 0
at 735 ns, Instance /cpu_top_tb/UUT/MMU0/RAM0/ : Warning: NUMERIC_STD.TO_INTEGER: metavalue detected, returning 0
at 735 ns, Instance /cpu_top_tb/UUT/MMU0/SFR0/ : Warning: NUMERIC_STD.TO_INTEGER: metavalue detected, returning 0
at 765 ns, Instance /cpu_top_tb/UUT/MMU0/RAM0/ : Warning: NUMERIC_STD.TO_INTEGER: metavalue detected, returning 0
at 765 ns, Instance /cpu_top_tb/UUT/MMU0/SFR0/ : Warning: NUMERIC_STD.TO_INTEGER: metavalue detected, returning 0
at 1525 ns, Instance /cpu_top_tb/UUT/MMU0/RAM0/ : Warning: NUMERIC_STD.TO_INTEGER: metavalue detected, returning 0
at 1525 ns, Instance /cpu_top_tb/UUT/MMU0/SFR0/ : Warning: NUMERIC_STD.TO_INTEGER: metavalue detected, returning 0
at 1555 ns, Instance /cpu_top_tb/UUT/MMU0/RAM0/ : Warning: NUMERIC_STD.TO_INTEGER: metavalue detected, returning 0
at 1555 ns, Instance /cpu_top_tb/UUT/MMU0/SFR0/ : Warning: NUMERIC_STD.TO_INTEGER: metavalue detected, returning 0
at 1585 ns, Instance /cpu_top_tb/UUT/MMU0/RAM0/ : Warning: NUMERIC_STD.TO_INTEGER: metavalue detected, returning 0
at 1585 ns, Instance /cpu_top_tb/UUT/MMU0/SFR0/ : Warning: NUMERIC_STD.TO_INTEGER: metavalue detected, returning 0
at 1615 ns, Instance /cpu_top_tb/UUT/MMU0/RAM0/ : Warning: NUMERIC_STD.TO_INTEGER: metavalue detected, returning 0
at 1615 ns, Instance /cpu_top_tb/UUT/MMU0/SFR0/ : Warning: NUMERIC_STD.TO_INTEGER: metavalue detected, returning 0
at 1645 ns, Instance /cpu_top_tb/UUT/MMU0/RAM0/ : Warning: NUMERIC_STD.TO_INTEGER: metavalue detected, returning 0
at 1645 ns, Instance /cpu_top_tb/UUT/MMU0/SFR0/ : Warning: NUMERIC_STD.TO_INTEGER: metavalue detected, returning 0
at 1675 ns, Instance /cpu_top_tb/UUT/MMU0/RAM0/ : Warning: NUMERIC_STD.TO_INTEGER: metavalue detected, returning 0
at 1675 ns, Instance /cpu_top_tb/UUT/MMU0/SFR0/ : Warning: NUMERIC_STD.TO_INTEGER: metavalue detected, returning 0
at 1705 ns, Instance /cpu_top_tb/UUT/MMU0/RAM0/ : Warning: NUMERIC_STD.TO_INTEGER: metavalue detected, returning 0
at 1705 ns, Instance /cpu_top_tb/UUT/MMU0/SFR0/ : Warning: NUMERIC_STD.TO_INTEGER: metavalue detected, returning 0
at 1735 ns, Instance /cpu_top_tb/UUT/MMU0/RAM0/ : Warning: NUMERIC_STD.TO_INTEGER: metavalue detected, returning 0
at 1735 ns, Instance /cpu_top_tb/UUT/MMU0/SFR0/ : Warning: NUMERIC_STD.TO_INTEGER: metavalue detected, returning 0
at 1765 ns, Instance /cpu_top_tb/UUT/MMU0/RAM0/ : Warning: NUMERIC_STD.TO_INTEGER: metavalue detected, returning 0
at 1765 ns, Instance /cpu_top_tb/UUT/MMU0/SFR0/ : Warning: NUMERIC_STD.TO_INTEGER: metavalue detected, returning 0
at 1795 ns, Instance /cpu_top_tb/UUT/MMU0/RAM0/ : Warning: NUMERIC_STD.TO_INTEGER: metavalue detected, returning 0
at 1795 ns, Instance /cpu_top_tb/UUT/MMU0/SFR0/ : Warning: NUMERIC_STD.TO_INTEGER: metavalue detected, returning 0
at 1825 ns, Instance /cpu_top_tb/UUT/MMU0/RAM0/ : Warning: NUMERIC_STD.TO_INTEGER: metavalue detected, returning 0
at 1825 ns, Instance /cpu_top_tb/UUT/MMU0/SFR0/ : Warning: NUMERIC_STD.TO_INTEGER: metavalue detected, returning 0
at 1855 ns, Instance /cpu_top_tb/UUT/MMU0/RAM0/ : Warning: NUMERIC_STD.TO_INTEGER: metavalue detected, returning 0
at 1855 ns, Instance /cpu_top_tb/UUT/MMU0/SFR0/ : Warning: NUMERIC_STD.TO_INTEGER: metavalue detected, returning 0
at 1885 ns, Instance /cpu_top_tb/UUT/MMU0/RAM0/ : Warning: NUMERIC_STD.TO_INTEGER: metavalue detected, returning 0
at 1885 ns, Instance /cpu_top_tb/UUT/MMU0/SFR0/ : Warning: NUMERIC_STD.TO_INTEGER: metavalue detected, returning 0
at 1915 ns, Instance /cpu_top_tb/UUT/MMU0/RAM0/ : Warning: NUMERIC_STD.TO_INTEGER: metavalue detected, returning 0
at 1915 ns, Instance /cpu_top_tb/UUT/MMU0/SFR0/ : Warning: NUMERIC_STD.TO_INTEGER: metavalue detected, returning 0
at 1945 ns, Instance /cpu_top_tb/UUT/MMU0/RAM0/ : Warning: NUMERIC_STD.TO_INTEGER: metavalue detected, returning 0
at 1945 ns, Instance /cpu_top_tb/UUT/MMU0/SFR0/ : Warning: NUMERIC_STD.TO_INTEGER: metavalue detected, returning 0
at 1975 ns, Instance /cpu_top_tb/UUT/MMU0/RAM0/ : Warning: NUMERIC_STD.TO_INTEGER: metavalue detected, returning 0
at 1975 ns, Instance /cpu_top_tb/UUT/MMU0/SFR0/ : Warning: NUMERIC_STD.TO_INTEGER: metavalue detected, returning 0
at 2005 ns, Instance /cpu_top_tb/UUT/MMU0/RAM0/ : Warning: NUMERIC_STD.TO_INTEGER: metavalue detected, returning 0
at 2005 ns, Instance /cpu_top_tb/UUT/MMU0/SFR0/ : Warning: NUMERIC_STD.TO_INTEGER: metavalue detected, returning 0
at 2035 ns, Instance /cpu_top_tb/UUT/MMU0/RAM0/ : Warning: NUMERIC_STD.TO_INTEGER: metavalue detected, returning 0
at 2035 ns, Instance /cpu_top_tb/UUT/MMU0/SFR0/ : Warning: NUMERIC_STD.TO_INTEGER: metavalue detected, returning 0
at 2065 ns, Instance /cpu_top_tb/UUT/MMU0/RAM0/ : Warning: NUMERIC_STD.TO_INTEGER: metavalue detected, returning 0
at 2065 ns, Instance /cpu_top_tb/UUT/MMU0/SFR0/ : Warning: NUMERIC_STD.TO_INTEGER: metavalue detected, returning 0
at 2095 ns, Instance /cpu_top_tb/UUT/MMU0/RAM0/ : Warning: NUMERIC_STD.TO_INTEGER: metavalue detected, returning 0
at 2095 ns, Instance /cpu_top_tb/UUT/MMU0/SFR0/ : Warning: NUMERIC_STD.TO_INTEGER: metavalue detected, returning 0
at 2125 ns, Instance /cpu_top_tb/UUT/MMU0/RAM0/ : Warning: NUMERIC_STD.TO_INTEGER: metavalue detected, returning 0
at 2125 ns, Instance /cpu_top_tb/UUT/MMU0/SFR0/ : Warning: NUMERIC_STD.TO_INTEGER: metavalue detected, returning 0
at 2155 ns, Instance /cpu_top_tb/UUT/MMU0/RAM0/ : Warning: NUMERIC_STD.TO_INTEGER: metavalue detected, returning 0
at 2155 ns, Instance /cpu_top_tb/UUT/MMU0/SFR0/ : Warning: NUMERIC_STD.TO_INTEGER: metavalue detected, returning 0
at 2185 ns, Instance /cpu_top_tb/UUT/MMU0/RAM0/ : Warning: NUMERIC_STD.TO_INTEGER: metavalue detected, returning 0
at 2185 ns, Instance /cpu_top_tb/UUT/MMU0/SFR0/ : Warning: NUMERIC_STD.TO_INTEGER: metavalue detected, returning 0
at 2215 ns, Instance /cpu_top_tb/UUT/MMU0/RAM0/ : Warning: NUMERIC_STD.TO_INTEGER: metavalue detected, returning 0
at 2215 ns, Instance /cpu_top_tb/UUT/MMU0/SFR0/ : Warning: NUMERIC_STD.TO_INTEGER: metavalue detected, returning 0
at 2245 ns, Instance /cpu_top_tb/UUT/MMU0/RAM0/ : Warning: NUMERIC_STD.TO_INTEGER: metavalue detected, returning 0
at 2245 ns, Instance /cpu_top_tb/UUT/MMU0/SFR0/ : Warning: NUMERIC_STD.TO_INTEGER: metavalue detected, returning 0
at 2275 ns, Instance /cpu_top_tb/UUT/MMU0/RAM0/ : Warning: NUMERIC_STD.TO_INTEGER: metavalue detected, returning 0
at 2275 ns, Instance /cpu_top_tb/UUT/MMU0/SFR0/ : Warning: NUMERIC_STD.TO_INTEGER: metavalue detected, returning 0
at 2305 ns, Instance /cpu_top_tb/UUT/MMU0/RAM0/ : Warning: NUMERIC_STD.TO_INTEGER: metavalue detected, returning 0
at 2305 ns, Instance /cpu_top_tb/UUT/MMU0/SFR0/ : Warning: NUMERIC_STD.TO_INTEGER: metavalue detected, returning 0
at 2335 ns, Instance /cpu_top_tb/UUT/MMU0/RAM0/ : Warning: NUMERIC_STD.TO_INTEGER: metavalue detected, returning 0
at 2335 ns, Instance /cpu_top_tb/UUT/MMU0/SFR0/ : Warning: NUMERIC_STD.TO_INTEGER: metavalue detected, returning 0
at 2365 ns, Instance /cpu_top_tb/UUT/MMU0/RAM0/ : Warning: NUMERIC_STD.TO_INTEGER: metavalue detected, returning 0
at 2365 ns, Instance /cpu_top_tb/UUT/MMU0/SFR0/ : Warning: NUMERIC_STD.TO_INTEGER: metavalue detected, returning 0
at 2395 ns, Instance /cpu_top_tb/UUT/MMU0/RAM0/ : Warning: NUMERIC_STD.TO_INTEGER: metavalue detected, returning 0
at 2395 ns, Instance /cpu_top_tb/UUT/MMU0/SFR0/ : Warning: NUMERIC_STD.TO_INTEGER: metavalue detected, returning 0
at 2425 ns, Instance /cpu_top_tb/UUT/MMU0/RAM0/ : Warning: NUMERIC_STD.TO_INTEGER: metavalue detected, returning 0
at 2425 ns, Instance /cpu_top_tb/UUT/MMU0/SFR0/ : Warning: NUMERIC_STD.TO_INTEGER: metavalue detected, returning 0
at 2455 ns, Instance /cpu_top_tb/UUT/MMU0/RAM0/ : Warning: NUMERIC_STD.TO_INTEGER: metavalue detected, returning 0
at 2455 ns, Instance /cpu_top_tb/UUT/MMU0/SFR0/ : Warning: NUMERIC_STD.TO_INTEGER: metavalue detected, returning 0
at 2485 ns, Instance /cpu_top_tb/UUT/MMU0/RAM0/ : Warning: NUMERIC_STD.TO_INTEGER: metavalue detected, returning 0
at 2485 ns, Instance /cpu_top_tb/UUT/MMU0/SFR0/ : Warning: NUMERIC_STD.TO_INTEGER: metavalue detected, returning 0
at 2515 ns, Instance /cpu_top_tb/UUT/MMU0/RAM0/ : Warning: NUMERIC_STD.TO_INTEGER: metavalue detected, returning 0
at 2515 ns, Instance /cpu_top_tb/UUT/MMU0/SFR0/ : Warning: NUMERIC_STD.TO_INTEGER: metavalue detected, returning 0
at 2545 ns, Instance /cpu_top_tb/UUT/MMU0/RAM0/ : Warning: NUMERIC_STD.TO_INTEGER: metavalue detected, returning 0
at 2545 ns, Instance /cpu_top_tb/UUT/MMU0/SFR0/ : Warning: NUMERIC_STD.TO_INTEGER: metavalue detected, returning 0
at 3005 ns, Instance /cpu_top_tb/UUT/MMU0/RAM0/ : Warning: NUMERIC_STD.TO_INTEGER: metavalue detected, returning 0
at 3005 ns, Instance /cpu_top_tb/UUT/MMU0/SFR0/ : Warning: NUMERIC_STD.TO_INTEGER: metavalue detected, returning 0
at 3035 ns, Instance /cpu_top_tb/UUT/MMU0/RAM0/ : Warning: NUMERIC_STD.TO_INTEGER: metavalue detected, returning 0
at 3035 ns, Instance /cpu_top_tb/UUT/MMU0/SFR0/ : Warning: NUMERIC_STD.TO_INTEGER: metavalue detected, returning 0
at 3065 ns, Instance /cpu_top_tb/UUT/MMU0/RAM0/ : Warning: NUMERIC_STD.TO_INTEGER: metavalue detected, returning 0
at 3065 ns, Instance /cpu_top_tb/UUT/MMU0/SFR0/ : Warning: NUMERIC_STD.TO_INTEGER: metavalue detected, returning 0
at 3095 ns, Instance /cpu_top_tb/UUT/MMU0/RAM0/ : Warning: NUMERIC_STD.TO_INTEGER: metavalue detected, returning 0
at 3095 ns, Instance /cpu_top_tb/UUT/MMU0/SFR0/ : Warning: NUMERIC_STD.TO_INTEGER: metavalue detected, returning 0
at 3125 ns, Instance /cpu_top_tb/UUT/MMU0/RAM0/ : Warning: NUMERIC_STD.TO_INTEGER: metavalue detected, returning 0
at 3125 ns, Instance /cpu_top_tb/UUT/MMU0/SFR0/ : Warning: NUMERIC_STD.TO_INTEGER: metavalue detected, returning 0
at 3155 ns, Instance /cpu_top_tb/UUT/MMU0/RAM0/ : Warning: NUMERIC_STD.TO_INTEGER: metavalue detected, returning 0
at 3155 ns, Instance /cpu_top_tb/UUT/MMU0/SFR0/ : Warning: NUMERIC_STD.TO_INTEGER: metavalue detected, returning 0
at 3185 ns, Instance /cpu_top_tb/UUT/MMU0/RAM0/ : Warning: NUMERIC_STD.TO_INTEGER: metavalue detected, returning 0
at 3185 ns, Instance /cpu_top_tb/UUT/MMU0/SFR0/ : Warning: NUMERIC_STD.TO_INTEGER: metavalue detected, returning 0
at 3215 ns, Instance /cpu_top_tb/UUT/MMU0/RAM0/ : Warning: NUMERIC_STD.TO_INTEGER: metavalue detected, returning 0
at 3215 ns, Instance /cpu_top_tb/UUT/MMU0/SFR0/ : Warning: NUMERIC_STD.TO_INTEGER: metavalue detected, returning 0
at 3245 ns, Instance /cpu_top_tb/UUT/MMU0/RAM0/ : Warning: NUMERIC_STD.TO_INTEGER: metavalue detected, returning 0
at 3245 ns, Instance /cpu_top_tb/UUT/MMU0/SFR0/ : Warning: NUMERIC_STD.TO_INTEGER: metavalue detected, returning 0
at 3275 ns, Instance /cpu_top_tb/UUT/MMU0/RAM0/ : Warning: NUMERIC_STD.TO_INTEGER: metavalue detected, returning 0
at 3275 ns, Instance /cpu_top_tb/UUT/MMU0/SFR0/ : Warning: NUMERIC_STD.TO_INTEGER: metavalue detected, returning 0
at 3305 ns, Instance /cpu_top_tb/UUT/MMU0/RAM0/ : Warning: NUMERIC_STD.TO_INTEGER: metavalue detected, returning 0
at 3305 ns, Instance /cpu_top_tb/UUT/MMU0/SFR0/ : Warning: NUMERIC_STD.TO_INTEGER: metavalue detected, returning 0
at 4065 ns, Instance /cpu_top_tb/UUT/MMU0/RAM0/ : Warning: NUMERIC_STD.TO_INTEGER: metavalue detected, returning 0
at 4065 ns, Instance /cpu_top_tb/UUT/MMU0/SFR0/ : Warning: NUMERIC_STD.TO_INTEGER: metavalue detected, returning 0
at 4095 ns, Instance /cpu_top_tb/UUT/MMU0/RAM0/ : Warning: NUMERIC_STD.TO_INTEGER: metavalue detected, returning 0
at 4095 ns, Instance /cpu_top_tb/UUT/MMU0/SFR0/ : Warning: NUMERIC_STD.TO_INTEGER: metavalue detected, returning 0
at 4125 ns, Instance /cpu_top_tb/UUT/MMU0/RAM0/ : Warning: NUMERIC_STD.TO_INTEGER: metavalue detected, returning 0
at 4125 ns, Instance /cpu_top_tb/UUT/MMU0/SFR0/ : Warning: NUMERIC_STD.TO_INTEGER: metavalue detected, returning 0
at 4155 ns, Instance /cpu_top_tb/UUT/MMU0/RAM0/ : Warning: NUMERIC_STD.TO_INTEGER: metavalue detected, returning 0
at 4155 ns, Instance /cpu_top_tb/UUT/MMU0/SFR0/ : Warning: NUMERIC_STD.TO_INTEGER: metavalue detected, returning 0
at 4185 ns, Instance /cpu_top_tb/UUT/MMU0/RAM0/ : Warning: NUMERIC_STD.TO_INTEGER: metavalue detected, returning 0
at 4185 ns, Instance /cpu_top_tb/UUT/MMU0/SFR0/ : Warning: NUMERIC_STD.TO_INTEGER: metavalue detected, returning 0
at 4215 ns, Instance /cpu_top_tb/UUT/MMU0/RAM0/ : Warning: NUMERIC_STD.TO_INTEGER: metavalue detected, returning 0
at 4215 ns, Instance /cpu_top_tb/UUT/MMU0/SFR0/ : Warning: NUMERIC_STD.TO_INTEGER: metavalue detected, returning 0
at 4245 ns, Instance /cpu_top_tb/UUT/MMU0/RAM0/ : Warning: NUMERIC_STD.TO_INTEGER: metavalue detected, returning 0
at 4245 ns, Instance /cpu_top_tb/UUT/MMU0/SFR0/ : Warning: NUMERIC_STD.TO_INTEGER: metavalue detected, returning 0
at 4275 ns, Instance /cpu_top_tb/UUT/MMU0/RAM0/ : Warning: NUMERIC_STD.TO_INTEGER: metavalue detected, returning 0
at 4275 ns, Instance /cpu_top_tb/UUT/MMU0/SFR0/ : Warning: NUMERIC_STD.TO_INTEGER: metavalue detected, returning 0
at 4305 ns, Instance /cpu_top_tb/UUT/MMU0/RAM0/ : Warning: NUMERIC_STD.TO_INTEGER: metavalue detected, returning 0
at 4305 ns, Instance /cpu_top_tb/UUT/MMU0/SFR0/ : Warning: NUMERIC_STD.TO_INTEGER: metavalue detected, returning 0
at 4335 ns, Instance /cpu_top_tb/UUT/MMU0/RAM0/ : Warning: NUMERIC_STD.TO_INTEGER: metavalue detected, returning 0
at 4335 ns, Instance /cpu_top_tb/UUT/MMU0/SFR0/ : Warning: NUMERIC_STD.TO_INTEGER: metavalue detected, returning 0
at 4365 ns, Instance /cpu_top_tb/UUT/MMU0/RAM0/ : Warning: NUMERIC_STD.TO_INTEGER: metavalue detected, returning 0
at 4365 ns, Instance /cpu_top_tb/UUT/MMU0/SFR0/ : Warning: NUMERIC_STD.TO_INTEGER: metavalue detected, returning 0
at 4395 ns, Instance /cpu_top_tb/UUT/MMU0/RAM0/ : Warning: NUMERIC_STD.TO_INTEGER: metavalue detected, returning 0
at 4395 ns, Instance /cpu_top_tb/UUT/MMU0/SFR0/ : Warning: NUMERIC_STD.TO_INTEGER: metavalue detected, returning 0
at 4425 ns, Instance /cpu_top_tb/UUT/MMU0/RAM0/ : Warning: NUMERIC_STD.TO_INTEGER: metavalue detected, returning 0
at 4425 ns, Instance /cpu_top_tb/UUT/MMU0/SFR0/ : Warning: NUMERIC_STD.TO_INTEGER: metavalue detected, returning 0
at 4455 ns, Instance /cpu_top_tb/UUT/MMU0/RAM0/ : Warning: NUMERIC_STD.TO_INTEGER: metavalue detected, returning 0
at 4455 ns, Instance /cpu_top_tb/UUT/MMU0/SFR0/ : Warning: NUMERIC_STD.TO_INTEGER: metavalue detected, returning 0
at 4485 ns, Instance /cpu_top_tb/UUT/MMU0/RAM0/ : Warning: NUMERIC_STD.TO_INTEGER: metavalue detected, returning 0
at 4485 ns, Instance /cpu_top_tb/UUT/MMU0/SFR0/ : Warning: NUMERIC_STD.TO_INTEGER: metavalue detected, returning 0
at 4515 ns, Instance /cpu_top_tb/UUT/MMU0/RAM0/ : Warning: NUMERIC_STD.TO_INTEGER: metavalue detected, returning 0
at 4515 ns, Instance /cpu_top_tb/UUT/MMU0/SFR0/ : Warning: NUMERIC_STD.TO_INTEGER: metavalue detected, returning 0
at 4545 ns, Instance /cpu_top_tb/UUT/MMU0/RAM0/ : Warning: NUMERIC_STD.TO_INTEGER: metavalue detected, returning 0
at 4545 ns, Instance /cpu_top_tb/UUT/MMU0/SFR0/ : Warning: NUMERIC_STD.TO_INTEGER: metavalue detected, returning 0
at 4575 ns, Instance /cpu_top_tb/UUT/MMU0/RAM0/ : Warning: NUMERIC_STD.TO_INTEGER: metavalue detected, returning 0
at 4575 ns, Instance /cpu_top_tb/UUT/MMU0/SFR0/ : Warning: NUMERIC_STD.TO_INTEGER: metavalue detected, returning 0
at 4605 ns, Instance /cpu_top_tb/UUT/MMU0/RAM0/ : Warning: NUMERIC_STD.TO_INTEGER: metavalue detected, returning 0
at 4605 ns, Instance /cpu_top_tb/UUT/MMU0/SFR0/ : Warning: NUMERIC_STD.TO_INTEGER: metavalue detected, returning 0
at 4635 ns, Instance /cpu_top_tb/UUT/MMU0/RAM0/ : Warning: NUMERIC_STD.TO_INTEGER: metavalue detected, returning 0
at 4635 ns, Instance /cpu_top_tb/UUT/MMU0/SFR0/ : Warning: NUMERIC_STD.TO_INTEGER: metavalue detected, returning 0
at 4665 ns, Instance /cpu_top_tb/UUT/MMU0/RAM0/ : Warning: NUMERIC_STD.TO_INTEGER: metavalue detected, returning 0
at 4665 ns, Instance /cpu_top_tb/UUT/MMU0/SFR0/ : Warning: NUMERIC_STD.TO_INTEGER: metavalue detected, returning 0
at 4695 ns, Instance /cpu_top_tb/UUT/MMU0/RAM0/ : Warning: NUMERIC_STD.TO_INTEGER: metavalue detected, returning 0
at 4695 ns, Instance /cpu_top_tb/UUT/MMU0/SFR0/ : Warning: NUMERIC_STD.TO_INTEGER: metavalue detected, returning 0
at 4725 ns, Instance /cpu_top_tb/UUT/MMU0/RAM0/ : Warning: NUMERIC_STD.TO_INTEGER: metavalue detected, returning 0
at 4725 ns, Instance /cpu_top_tb/UUT/MMU0/SFR0/ : Warning: NUMERIC_STD.TO_INTEGER: metavalue detected, returning 0
at 4755 ns, Instance /cpu_top_tb/UUT/MMU0/RAM0/ : Warning: NUMERIC_STD.TO_INTEGER: metavalue detected, returning 0
at 4755 ns, Instance /cpu_top_tb/UUT/MMU0/SFR0/ : Warning: NUMERIC_STD.TO_INTEGER: metavalue detected, returning 0
at 4785 ns, Instance /cpu_top_tb/UUT/MMU0/RAM0/ : Warning: NUMERIC_STD.TO_INTEGER: metavalue detected, returning 0
at 4785 ns, Instance /cpu_top_tb/UUT/MMU0/SFR0/ : Warning: NUMERIC_STD.TO_INTEGER: metavalue detected, returning 0
at 4815 ns, Instance /cpu_top_tb/UUT/MMU0/RAM0/ : Warning: NUMERIC_STD.TO_INTEGER: metavalue detected, returning 0
at 4815 ns, Instance /cpu_top_tb/UUT/MMU0/SFR0/ : Warning: NUMERIC_STD.TO_INTEGER: metavalue detected, returning 0
at 4845 ns, Instance /cpu_top_tb/UUT/MMU0/RAM0/ : Warning: NUMERIC_STD.TO_INTEGER: metavalue detected, returning 0
at 4845 ns, Instance /cpu_top_tb/UUT/MMU0/SFR0/ : Warning: NUMERIC_STD.TO_INTEGER: metavalue detected, returning 0
at 4875 ns, Instance /cpu_top_tb/UUT/MMU0/RAM0/ : Warning: NUMERIC_STD.TO_INTEGER: metavalue detected, returning 0
at 4875 ns, Instance /cpu_top_tb/UUT/MMU0/SFR0/ : Warning: NUMERIC_STD.TO_INTEGER: metavalue detected, returning 0
at 4905 ns, Instance /cpu_top_tb/UUT/MMU0/RAM0/ : Warning: NUMERIC_STD.TO_INTEGER: metavalue detected, returning 0
at 4905 ns, Instance /cpu_top_tb/UUT/MMU0/SFR0/ : Warning: NUMERIC_STD.TO_INTEGER: metavalue detected, returning 0
at 4935 ns, Instance /cpu_top_tb/UUT/MMU0/RAM0/ : Warning: NUMERIC_STD.TO_INTEGER: metavalue detected, returning 0
at 4935 ns, Instance /cpu_top_tb/UUT/MMU0/SFR0/ : Warning: NUMERIC_STD.TO_INTEGER: metavalue detected, returning 0
at 4965 ns, Instance /cpu_top_tb/UUT/MMU0/RAM0/ : Warning: NUMERIC_STD.TO_INTEGER: metavalue detected, returning 0
at 4965 ns, Instance /cpu_top_tb/UUT/MMU0/SFR0/ : Warning: NUMERIC_STD.TO_INTEGER: metavalue detected, returning 0
at 4995 ns, Instance /cpu_top_tb/UUT/MMU0/RAM0/ : Warning: NUMERIC_STD.TO_INTEGER: metavalue detected, returning 0
at 4995 ns, Instance /cpu_top_tb/UUT/MMU0/SFR0/ : Warning: NUMERIC_STD.TO_INTEGER: metavalue detected, returning 0
at 5025 ns, Instance /cpu_top_tb/UUT/MMU0/RAM0/ : Warning: NUMERIC_STD.TO_INTEGER: metavalue detected, returning 0
at 5025 ns, Instance /cpu_top_tb/UUT/MMU0/SFR0/ : Warning: NUMERIC_STD.TO_INTEGER: metavalue detected, returning 0
at 5055 ns, Instance /cpu_top_tb/UUT/MMU0/RAM0/ : Warning: NUMERIC_STD.TO_INTEGER: metavalue detected, returning 0
at 5055 ns, Instance /cpu_top_tb/UUT/MMU0/SFR0/ : Warning: NUMERIC_STD.TO_INTEGER: metavalue detected, returning 0
at 5085 ns, Instance /cpu_top_tb/UUT/MMU0/RAM0/ : Warning: NUMERIC_STD.TO_INTEGER: metavalue detected, returning 0
at 5085 ns, Instance /cpu_top_tb/UUT/MMU0/SFR0/ : Warning: NUMERIC_STD.TO_INTEGER: metavalue detected, returning 0
at 5545 ns, Instance /cpu_top_tb/UUT/MMU0/RAM0/ : Warning: NUMERIC_STD.TO_INTEGER: metavalue detected, returning 0
at 5545 ns, Instance /cpu_top_tb/UUT/MMU0/SFR0/ : Warning: NUMERIC_STD.TO_INTEGER: metavalue detected, returning 0
at 5575 ns, Instance /cpu_top_tb/UUT/MMU0/RAM0/ : Warning: NUMERIC_STD.TO_INTEGER: metavalue detected, returning 0
at 5575 ns, Instance /cpu_top_tb/UUT/MMU0/SFR0/ : Warning: NUMERIC_STD.TO_INTEGER: metavalue detected, returning 0
at 5605 ns, Instance /cpu_top_tb/UUT/MMU0/RAM0/ : Warning: NUMERIC_STD.TO_INTEGER: metavalue detected, returning 0
at 5605 ns, Instance /cpu_top_tb/UUT/MMU0/SFR0/ : Warning: NUMERIC_STD.TO_INTEGER: metavalue detected, returning 0
at 5635 ns, Instance /cpu_top_tb/UUT/MMU0/RAM0/ : Warning: NUMERIC_STD.TO_INTEGER: metavalue detected, returning 0
at 5635 ns, Instance /cpu_top_tb/UUT/MMU0/SFR0/ : Warning: NUMERIC_STD.TO_INTEGER: metavalue detected, returning 0
at 5665 ns, Instance /cpu_top_tb/UUT/MMU0/RAM0/ : Warning: NUMERIC_STD.TO_INTEGER: metavalue detected, returning 0
at 5665 ns, Instance /cpu_top_tb/UUT/MMU0/SFR0/ : Warning: NUMERIC_STD.TO_INTEGER: metavalue detected, returning 0
at 5695 ns, Instance /cpu_top_tb/UUT/MMU0/RAM0/ : Warning: NUMERIC_STD.TO_INTEGER: metavalue detected, returning 0
at 5695 ns, Instance /cpu_top_tb/UUT/MMU0/SFR0/ : Warning: NUMERIC_STD.TO_INTEGER: metavalue detected, returning 0
at 5725 ns, Instance /cpu_top_tb/UUT/MMU0/RAM0/ : Warning: NUMERIC_STD.TO_INTEGER: metavalue detected, returning 0
at 5725 ns, Instance /cpu_top_tb/UUT/MMU0/SFR0/ : Warning: NUMERIC_STD.TO_INTEGER: metavalue detected, returning 0
at 5755 ns, Instance /cpu_top_tb/UUT/MMU0/RAM0/ : Warning: NUMERIC_STD.TO_INTEGER: metavalue detected, returning 0
at 5755 ns, Instance /cpu_top_tb/UUT/MMU0/SFR0/ : Warning: NUMERIC_STD.TO_INTEGER: metavalue detected, returning 0
at 5785 ns, Instance /cpu_top_tb/UUT/MMU0/RAM0/ : Warning: NUMERIC_STD.TO_INTEGER: metavalue detected, returning 0
at 5785 ns, Instance /cpu_top_tb/UUT/MMU0/SFR0/ : Warning: NUMERIC_STD.TO_INTEGER: metavalue detected, returning 0
at 5815 ns, Instance /cpu_top_tb/UUT/MMU0/RAM0/ : Warning: NUMERIC_STD.TO_INTEGER: metavalue detected, returning 0
at 5815 ns, Instance /cpu_top_tb/UUT/MMU0/SFR0/ : Warning: NUMERIC_STD.TO_INTEGER: metavalue detected, returning 0
at 5845 ns, Instance /cpu_top_tb/UUT/MMU0/RAM0/ : Warning: NUMERIC_STD.TO_INTEGER: metavalue detected, returning 0
at 5845 ns, Instance /cpu_top_tb/UUT/MMU0/SFR0/ : Warning: NUMERIC_STD.TO_INTEGER: metavalue detected, returning 0
at 6605 ns, Instance /cpu_top_tb/UUT/MMU0/RAM0/ : Warning: NUMERIC_STD.TO_INTEGER: metavalue detected, returning 0
at 6605 ns, Instance /cpu_top_tb/UUT/MMU0/SFR0/ : Warning: NUMERIC_STD.TO_INTEGER: metavalue detected, returning 0
at 6635 ns, Instance /cpu_top_tb/UUT/MMU0/RAM0/ : Warning: NUMERIC_STD.TO_INTEGER: metavalue detected, returning 0
at 6635 ns, Instance /cpu_top_tb/UUT/MMU0/SFR0/ : Warning: NUMERIC_STD.TO_INTEGER: metavalue detected, returning 0
at 6665 ns, Instance /cpu_top_tb/UUT/MMU0/RAM0/ : Warning: NUMERIC_STD.TO_INTEGER: metavalue detected, returning 0
at 6665 ns, Instance /cpu_top_tb/UUT/MMU0/SFR0/ : Warning: NUMERIC_STD.TO_INTEGER: metavalue detected, returning 0
at 6695 ns, Instance /cpu_top_tb/UUT/MMU0/RAM0/ : Warning: NUMERIC_STD.TO_INTEGER: metavalue detected, returning 0
at 6695 ns, Instance /cpu_top_tb/UUT/MMU0/SFR0/ : Warning: NUMERIC_STD.TO_INTEGER: metavalue detected, returning 0
at 6725 ns, Instance /cpu_top_tb/UUT/MMU0/RAM0/ : Warning: NUMERIC_STD.TO_INTEGER: metavalue detected, returning 0
at 6725 ns, Instance /cpu_top_tb/UUT/MMU0/SFR0/ : Warning: NUMERIC_STD.TO_INTEGER: metavalue detected, returning 0
at 6755 ns, Instance /cpu_top_tb/UUT/MMU0/RAM0/ : Warning: NUMERIC_STD.TO_INTEGER: metavalue detected, returning 0
at 6755 ns, Instance /cpu_top_tb/UUT/MMU0/SFR0/ : Warning: NUMERIC_STD.TO_INTEGER: metavalue detected, returning 0
at 6785 ns, Instance /cpu_top_tb/UUT/MMU0/RAM0/ : Warning: NUMERIC_STD.TO_INTEGER: metavalue detected, returning 0
at 6785 ns, Instance /cpu_top_tb/UUT/MMU0/SFR0/ : Warning: NUMERIC_STD.TO_INTEGER: metavalue detected, returning 0
at 6815 ns, Instance /cpu_top_tb/UUT/MMU0/RAM0/ : Warning: NUMERIC_STD.TO_INTEGER: metavalue detected, returning 0
at 6815 ns, Instance /cpu_top_tb/UUT/MMU0/SFR0/ : Warning: NUMERIC_STD.TO_INTEGER: metavalue detected, returning 0
at 6845 ns, Instance /cpu_top_tb/UUT/MMU0/RAM0/ : Warning: NUMERIC_STD.TO_INTEGER: metavalue detected, returning 0
at 6845 ns, Instance /cpu_top_tb/UUT/MMU0/SFR0/ : Warning: NUMERIC_STD.TO_INTEGER: metavalue detected, returning 0
at 6875 ns, Instance /cpu_top_tb/UUT/MMU0/RAM0/ : Warning: NUMERIC_STD.TO_INTEGER: metavalue detected, returning 0
at 6875 ns, Instance /cpu_top_tb/UUT/MMU0/SFR0/ : Warning: NUMERIC_STD.TO_INTEGER: metavalue detected, returning 0
at 6905 ns, Instance /cpu_top_tb/UUT/MMU0/RAM0/ : Warning: NUMERIC_STD.TO_INTEGER: metavalue detected, returning 0
at 6905 ns, Instance /cpu_top_tb/UUT/MMU0/SFR0/ : Warning: NUMERIC_STD.TO_INTEGER: metavalue detected, returning 0
at 6935 ns, Instance /cpu_top_tb/UUT/MMU0/RAM0/ : Warning: NUMERIC_STD.TO_INTEGER: metavalue detected, returning 0
at 6935 ns, Instance /cpu_top_tb/UUT/MMU0/SFR0/ : Warning: NUMERIC_STD.TO_INTEGER: metavalue detected, returning 0
at 6965 ns, Instance /cpu_top_tb/UUT/MMU0/RAM0/ : Warning: NUMERIC_STD.TO_INTEGER: metavalue detected, returning 0
at 6965 ns, Instance /cpu_top_tb/UUT/MMU0/SFR0/ : Warning: NUMERIC_STD.TO_INTEGER: metavalue detected, returning 0
at 6995 ns, Instance /cpu_top_tb/UUT/MMU0/RAM0/ : Warning: NUMERIC_STD.TO_INTEGER: metavalue detected, returning 0
at 6995 ns, Instance /cpu_top_tb/UUT/MMU0/SFR0/ : Warning: NUMERIC_STD.TO_INTEGER: metavalue detected, returning 0
at 7025 ns, Instance /cpu_top_tb/UUT/MMU0/RAM0/ : Warning: NUMERIC_STD.TO_INTEGER: metavalue detected, returning 0
at 7025 ns, Instance /cpu_top_tb/UUT/MMU0/SFR0/ : Warning: NUMERIC_STD.TO_INTEGER: metavalue detected, returning 0
at 7055 ns, Instance /cpu_top_tb/UUT/MMU0/RAM0/ : Warning: NUMERIC_STD.TO_INTEGER: metavalue detected, returning 0
at 7055 ns, Instance /cpu_top_tb/UUT/MMU0/SFR0/ : Warning: NUMERIC_STD.TO_INTEGER: metavalue detected, returning 0
at 7085 ns, Instance /cpu_top_tb/UUT/MMU0/RAM0/ : Warning: NUMERIC_STD.TO_INTEGER: metavalue detected, returning 0
at 7085 ns, Instance /cpu_top_tb/UUT/MMU0/SFR0/ : Warning: NUMERIC_STD.TO_INTEGER: metavalue detected, returning 0
at 7115 ns, Instance /cpu_top_tb/UUT/MMU0/RAM0/ : Warning: NUMERIC_STD.TO_INTEGER: metavalue detected, returning 0
at 7115 ns, Instance /cpu_top_tb/UUT/MMU0/SFR0/ : Warning: NUMERIC_STD.TO_INTEGER: metavalue detected, returning 0
at 7145 ns, Instance /cpu_top_tb/UUT/MMU0/RAM0/ : Warning: NUMERIC_STD.TO_INTEGER: metavalue detected, returning 0
at 7145 ns, Instance /cpu_top_tb/UUT/MMU0/SFR0/ : Warning: NUMERIC_STD.TO_INTEGER: metavalue detected, returning 0
at 7175 ns, Instance /cpu_top_tb/UUT/MMU0/RAM0/ : Warning: NUMERIC_STD.TO_INTEGER: metavalue detected, returning 0
at 7175 ns, Instance /cpu_top_tb/UUT/MMU0/SFR0/ : Warning: NUMERIC_STD.TO_INTEGER: metavalue detected, returning 0
at 7205 ns, Instance /cpu_top_tb/UUT/MMU0/RAM0/ : Warning: NUMERIC_STD.TO_INTEGER: metavalue detected, returning 0
at 7205 ns, Instance /cpu_top_tb/UUT/MMU0/SFR0/ : Warning: NUMERIC_STD.TO_INTEGER: metavalue detected, returning 0
at 7235 ns, Instance /cpu_top_tb/UUT/MMU0/RAM0/ : Warning: NUMERIC_STD.TO_INTEGER: metavalue detected, returning 0
at 7235 ns, Instance /cpu_top_tb/UUT/MMU0/SFR0/ : Warning: NUMERIC_STD.TO_INTEGER: metavalue detected, returning 0
at 7265 ns, Instance /cpu_top_tb/UUT/MMU0/RAM0/ : Warning: NUMERIC_STD.TO_INTEGER: metavalue detected, returning 0
at 7265 ns, Instance /cpu_top_tb/UUT/MMU0/SFR0/ : Warning: NUMERIC_STD.TO_INTEGER: metavalue detected, returning 0
at 7295 ns, Instance /cpu_top_tb/UUT/MMU0/RAM0/ : Warning: NUMERIC_STD.TO_INTEGER: metavalue detected, returning 0
at 7295 ns, Instance /cpu_top_tb/UUT/MMU0/SFR0/ : Warning: NUMERIC_STD.TO_INTEGER: metavalue detected, returning 0
at 7325 ns, Instance /cpu_top_tb/UUT/MMU0/RAM0/ : Warning: NUMERIC_STD.TO_INTEGER: metavalue detected, returning 0
at 7325 ns, Instance /cpu_top_tb/UUT/MMU0/SFR0/ : Warning: NUMERIC_STD.TO_INTEGER: metavalue detected, returning 0
at 7355 ns, Instance /cpu_top_tb/UUT/MMU0/RAM0/ : Warning: NUMERIC_STD.TO_INTEGER: metavalue detected, returning 0
at 7355 ns, Instance /cpu_top_tb/UUT/MMU0/SFR0/ : Warning: NUMERIC_STD.TO_INTEGER: metavalue detected, returning 0
at 7385 ns, Instance /cpu_top_tb/UUT/MMU0/RAM0/ : Warning: NUMERIC_STD.TO_INTEGER: metavalue detected, returning 0
at 7385 ns, Instance /cpu_top_tb/UUT/MMU0/SFR0/ : Warning: NUMERIC_STD.TO_INTEGER: metavalue detected, returning 0
at 7415 ns, Instance /cpu_top_tb/UUT/MMU0/RAM0/ : Warning: NUMERIC_STD.TO_INTEGER: metavalue detected, returning 0
at 7415 ns, Instance /cpu_top_tb/UUT/MMU0/SFR0/ : Warning: NUMERIC_STD.TO_INTEGER: metavalue detected, returning 0
at 7445 ns, Instance /cpu_top_tb/UUT/MMU0/RAM0/ : Warning: NUMERIC_STD.TO_INTEGER: metavalue detected, returning 0
at 7445 ns, Instance /cpu_top_tb/UUT/MMU0/SFR0/ : Warning: NUMERIC_STD.TO_INTEGER: metavalue detected, returning 0
at 7475 ns, Instance /cpu_top_tb/UUT/MMU0/RAM0/ : Warning: NUMERIC_STD.TO_INTEGER: metavalue detected, returning 0
at 7475 ns, Instance /cpu_top_tb/UUT/MMU0/SFR0/ : Warning: NUMERIC_STD.TO_INTEGER: metavalue detected, returning 0
at 7505 ns, Instance /cpu_top_tb/UUT/MMU0/RAM0/ : Warning: NUMERIC_STD.TO_INTEGER: metavalue detected, returning 0
at 7505 ns, Instance /cpu_top_tb/UUT/MMU0/SFR0/ : Warning: NUMERIC_STD.TO_INTEGER: metavalue detected, returning 0
at 7535 ns, Instance /cpu_top_tb/UUT/MMU0/RAM0/ : Warning: NUMERIC_STD.TO_INTEGER: metavalue detected, returning 0
at 7535 ns, Instance /cpu_top_tb/UUT/MMU0/SFR0/ : Warning: NUMERIC_STD.TO_INTEGER: metavalue detected, returning 0
at 7565 ns, Instance /cpu_top_tb/UUT/MMU0/RAM0/ : Warning: NUMERIC_STD.TO_INTEGER: metavalue detected, returning 0
at 7565 ns, Instance /cpu_top_tb/UUT/MMU0/SFR0/ : Warning: NUMERIC_STD.TO_INTEGER: metavalue detected, returning 0
at 7595 ns, Instance /cpu_top_tb/UUT/MMU0/RAM0/ : Warning: NUMERIC_STD.TO_INTEGER: metavalue detected, returning 0
at 7595 ns, Instance /cpu_top_tb/UUT/MMU0/SFR0/ : Warning: NUMERIC_STD.TO_INTEGER: metavalue detected, returning 0
at 7625 ns, Instance /cpu_top_tb/UUT/MMU0/RAM0/ : Warning: NUMERIC_STD.TO_INTEGER: metavalue detected, returning 0
at 7625 ns, Instance /cpu_top_tb/UUT/MMU0/SFR0/ : Warning: NUMERIC_STD.TO_INTEGER: metavalue detected, returning 0
at 8085 ns, Instance /cpu_top_tb/UUT/MMU0/RAM0/ : Warning: NUMERIC_STD.TO_INTEGER: metavalue detected, returning 0
at 8085 ns, Instance /cpu_top_tb/UUT/MMU0/SFR0/ : Warning: NUMERIC_STD.TO_INTEGER: metavalue detected, returning 0
at 8115 ns, Instance /cpu_top_tb/UUT/MMU0/RAM0/ : Warning: NUMERIC_STD.TO_INTEGER: metavalue detected, returning 0
at 8115 ns, Instance /cpu_top_tb/UUT/MMU0/SFR0/ : Warning: NUMERIC_STD.TO_INTEGER: metavalue detected, returning 0
at 8145 ns, Instance /cpu_top_tb/UUT/MMU0/RAM0/ : Warning: NUMERIC_STD.TO_INTEGER: metavalue detected, returning 0
at 8145 ns, Instance /cpu_top_tb/UUT/MMU0/SFR0/ : Warning: NUMERIC_STD.TO_INTEGER: metavalue detected, returning 0
at 8175 ns, Instance /cpu_top_tb/UUT/MMU0/RAM0/ : Warning: NUMERIC_STD.TO_INTEGER: metavalue detected, returning 0
at 8175 ns, Instance /cpu_top_tb/UUT/MMU0/SFR0/ : Warning: NUMERIC_STD.TO_INTEGER: metavalue detected, returning 0
at 8205 ns, Instance /cpu_top_tb/UUT/MMU0/RAM0/ : Warning: NUMERIC_STD.TO_INTEGER: metavalue detected, returning 0
at 8205 ns, Instance /cpu_top_tb/UUT/MMU0/SFR0/ : Warning: NUMERIC_STD.TO_INTEGER: metavalue detected, returning 0
at 8235 ns, Instance /cpu_top_tb/UUT/MMU0/RAM0/ : Warning: NUMERIC_STD.TO_INTEGER: metavalue detected, returning 0
at 8235 ns, Instance /cpu_top_tb/UUT/MMU0/SFR0/ : Warning: NUMERIC_STD.TO_INTEGER: metavalue detected, returning 0
at 8265 ns, Instance /cpu_top_tb/UUT/MMU0/RAM0/ : Warning: NUMERIC_STD.TO_INTEGER: metavalue detected, returning 0
at 8265 ns, Instance /cpu_top_tb/UUT/MMU0/SFR0/ : Warning: NUMERIC_STD.TO_INTEGER: metavalue detected, returning 0
at 8295 ns, Instance /cpu_top_tb/UUT/MMU0/RAM0/ : Warning: NUMERIC_STD.TO_INTEGER: metavalue detected, returning 0
at 8295 ns, Instance /cpu_top_tb/UUT/MMU0/SFR0/ : Warning: NUMERIC_STD.TO_INTEGER: metavalue detected, returning 0
at 8325 ns, Instance /cpu_top_tb/UUT/MMU0/RAM0/ : Warning: NUMERIC_STD.TO_INTEGER: metavalue detected, returning 0
at 8325 ns, Instance /cpu_top_tb/UUT/MMU0/SFR0/ : Warning: NUMERIC_STD.TO_INTEGER: metavalue detected, returning 0
at 8355 ns, Instance /cpu_top_tb/UUT/MMU0/RAM0/ : Warning: NUMERIC_STD.TO_INTEGER: metavalue detected, returning 0
at 8355 ns, Instance /cpu_top_tb/UUT/MMU0/SFR0/ : Warning: NUMERIC_STD.TO_INTEGER: metavalue detected, returning 0
at 8385 ns, Instance /cpu_top_tb/UUT/MMU0/RAM0/ : Warning: NUMERIC_STD.TO_INTEGER: metavalue detected, returning 0
at 8385 ns, Instance /cpu_top_tb/UUT/MMU0/SFR0/ : Warning: NUMERIC_STD.TO_INTEGER: metavalue detected, returning 0
at 9145 ns, Instance /cpu_top_tb/UUT/MMU0/RAM0/ : Warning: NUMERIC_STD.TO_INTEGER: metavalue detected, returning 0
at 9145 ns, Instance /cpu_top_tb/UUT/MMU0/SFR0/ : Warning: NUMERIC_STD.TO_INTEGER: metavalue detected, returning 0
at 9175 ns, Instance /cpu_top_tb/UUT/MMU0/RAM0/ : Warning: NUMERIC_STD.TO_INTEGER: metavalue detected, returning 0
at 9175 ns, Instance /cpu_top_tb/UUT/MMU0/SFR0/ : Warning: NUMERIC_STD.TO_INTEGER: metavalue detected, returning 0
at 9205 ns, Instance /cpu_top_tb/UUT/MMU0/RAM0/ : Warning: NUMERIC_STD.TO_INTEGER: metavalue detected, returning 0
at 9205 ns, Instance /cpu_top_tb/UUT/MMU0/SFR0/ : Warning: NUMERIC_STD.TO_INTEGER: metavalue detected, returning 0
at 9235 ns, Instance /cpu_top_tb/UUT/MMU0/RAM0/ : Warning: NUMERIC_STD.TO_INTEGER: metavalue detected, returning 0
at 9235 ns, Instance /cpu_top_tb/UUT/MMU0/SFR0/ : Warning: NUMERIC_STD.TO_INTEGER: metavalue detected, returning 0
at 9265 ns, Instance /cpu_top_tb/UUT/MMU0/RAM0/ : Warning: NUMERIC_STD.TO_INTEGER: metavalue detected, returning 0
at 9265 ns, Instance /cpu_top_tb/UUT/MMU0/SFR0/ : Warning: NUMERIC_STD.TO_INTEGER: metavalue detected, returning 0
at 9295 ns, Instance /cpu_top_tb/UUT/MMU0/RAM0/ : Warning: NUMERIC_STD.TO_INTEGER: metavalue detected, returning 0
at 9295 ns, Instance /cpu_top_tb/UUT/MMU0/SFR0/ : Warning: NUMERIC_STD.TO_INTEGER: metavalue detected, returning 0
at 9325 ns, Instance /cpu_top_tb/UUT/MMU0/RAM0/ : Warning: NUMERIC_STD.TO_INTEGER: metavalue detected, returning 0
at 9325 ns, Instance /cpu_top_tb/UUT/MMU0/SFR0/ : Warning: NUMERIC_STD.TO_INTEGER: metavalue detected, returning 0
at 9355 ns, Instance /cpu_top_tb/UUT/MMU0/RAM0/ : Warning: NUMERIC_STD.TO_INTEGER: metavalue detected, returning 0
at 9355 ns, Instance /cpu_top_tb/UUT/MMU0/SFR0/ : Warning: NUMERIC_STD.TO_INTEGER: metavalue detected, returning 0
at 9385 ns, Instance /cpu_top_tb/UUT/MMU0/RAM0/ : Warning: NUMERIC_STD.TO_INTEGER: metavalue detected, returning 0
at 9385 ns, Instance /cpu_top_tb/UUT/MMU0/SFR0/ : Warning: NUMERIC_STD.TO_INTEGER: metavalue detected, returning 0
at 9415 ns, Instance /cpu_top_tb/UUT/MMU0/RAM0/ : Warning: NUMERIC_STD.TO_INTEGER: metavalue detected, returning 0
at 9415 ns, Instance /cpu_top_tb/UUT/MMU0/SFR0/ : Warning: NUMERIC_STD.TO_INTEGER: metavalue detected, returning 0
at 9445 ns, Instance /cpu_top_tb/UUT/MMU0/RAM0/ : Warning: NUMERIC_STD.TO_INTEGER: metavalue detected, returning 0
at 9445 ns, Instance /cpu_top_tb/UUT/MMU0/SFR0/ : Warning: NUMERIC_STD.TO_INTEGER: metavalue detected, returning 0
at 9475 ns, Instance /cpu_top_tb/UUT/MMU0/RAM0/ : Warning: NUMERIC_STD.TO_INTEGER: metavalue detected, returning 0
at 9475 ns, Instance /cpu_top_tb/UUT/MMU0/SFR0/ : Warning: NUMERIC_STD.TO_INTEGER: metavalue detected, returning 0
at 9505 ns, Instance /cpu_top_tb/UUT/MMU0/RAM0/ : Warning: NUMERIC_STD.TO_INTEGER: metavalue detected, returning 0
at 9505 ns, Instance /cpu_top_tb/UUT/MMU0/SFR0/ : Warning: NUMERIC_STD.TO_INTEGER: metavalue detected, returning 0
at 9535 ns, Instance /cpu_top_tb/UUT/MMU0/RAM0/ : Warning: NUMERIC_STD.TO_INTEGER: metavalue detected, returning 0
at 9535 ns, Instance /cpu_top_tb/UUT/MMU0/SFR0/ : Warning: NUMERIC_STD.TO_INTEGER: metavalue detected, returning 0
at 9565 ns, Instance /cpu_top_tb/UUT/MMU0/RAM0/ : Warning: NUMERIC_STD.TO_INTEGER: metavalue detected, returning 0
at 9565 ns, Instance /cpu_top_tb/UUT/MMU0/SFR0/ : Warning: NUMERIC_STD.TO_INTEGER: metavalue detected, returning 0
at 9595 ns, Instance /cpu_top_tb/UUT/MMU0/RAM0/ : Warning: NUMERIC_STD.TO_INTEGER: metavalue detected, returning 0
at 9595 ns, Instance /cpu_top_tb/UUT/MMU0/SFR0/ : Warning: NUMERIC_STD.TO_INTEGER: metavalue detected, returning 0
at 9625 ns, Instance /cpu_top_tb/UUT/MMU0/RAM0/ : Warning: NUMERIC_STD.TO_INTEGER: metavalue detected, returning 0
at 9625 ns, Instance /cpu_top_tb/UUT/MMU0/SFR0/ : Warning: NUMERIC_STD.TO_INTEGER: metavalue detected, returning 0
at 9655 ns, Instance /cpu_top_tb/UUT/MMU0/RAM0/ : Warning: NUMERIC_STD.TO_INTEGER: metavalue detected, returning 0
at 9655 ns, Instance /cpu_top_tb/UUT/MMU0/SFR0/ : Warning: NUMERIC_STD.TO_INTEGER: metavalue detected, returning 0
at 9685 ns, Instance /cpu_top_tb/UUT/MMU0/RAM0/ : Warning: NUMERIC_STD.TO_INTEGER: metavalue detected, returning 0
at 9685 ns, Instance /cpu_top_tb/UUT/MMU0/SFR0/ : Warning: NUMERIC_STD.TO_INTEGER: metavalue detected, returning 0
at 9715 ns, Instance /cpu_top_tb/UUT/MMU0/RAM0/ : Warning: NUMERIC_STD.TO_INTEGER: metavalue detected, returning 0
at 9715 ns, Instance /cpu_top_tb/UUT/MMU0/SFR0/ : Warning: NUMERIC_STD.TO_INTEGER: metavalue detected, returning 0
at 9745 ns, Instance /cpu_top_tb/UUT/MMU0/RAM0/ : Warning: NUMERIC_STD.TO_INTEGER: metavalue detected, returning 0
at 9745 ns, Instance /cpu_top_tb/UUT/MMU0/SFR0/ : Warning: NUMERIC_STD.TO_INTEGER: metavalue detected, returning 0
at 9775 ns, Instance /cpu_top_tb/UUT/MMU0/RAM0/ : Warning: NUMERIC_STD.TO_INTEGER: metavalue detected, returning 0
at 9775 ns, Instance /cpu_top_tb/UUT/MMU0/SFR0/ : Warning: NUMERIC_STD.TO_INTEGER: metavalue detected, returning 0
at 9805 ns, Instance /cpu_top_tb/UUT/MMU0/RAM0/ : Warning: NUMERIC_STD.TO_INTEGER: metavalue detected, returning 0
at 9805 ns, Instance /cpu_top_tb/UUT/MMU0/SFR0/ : Warning: NUMERIC_STD.TO_INTEGER: metavalue detected, returning 0
at 9835 ns, Instance /cpu_top_tb/UUT/MMU0/RAM0/ : Warning: NUMERIC_STD.TO_INTEGER: metavalue detected, returning 0
at 9835 ns, Instance /cpu_top_tb/UUT/MMU0/SFR0/ : Warning: NUMERIC_STD.TO_INTEGER: metavalue detected, returning 0
at 9865 ns, Instance /cpu_top_tb/UUT/MMU0/RAM0/ : Warning: NUMERIC_STD.TO_INTEGER: metavalue detected, returning 0
at 9865 ns, Instance /cpu_top_tb/UUT/MMU0/SFR0/ : Warning: NUMERIC_STD.TO_INTEGER: metavalue detected, returning 0
at 9895 ns, Instance /cpu_top_tb/UUT/MMU0/RAM0/ : Warning: NUMERIC_STD.TO_INTEGER: metavalue detected, returning 0
at 9895 ns, Instance /cpu_top_tb/UUT/MMU0/SFR0/ : Warning: NUMERIC_STD.TO_INTEGER: metavalue detected, returning 0
at 9925 ns, Instance /cpu_top_tb/UUT/MMU0/RAM0/ : Warning: NUMERIC_STD.TO_INTEGER: metavalue detected, returning 0
at 9925 ns, Instance /cpu_top_tb/UUT/MMU0/SFR0/ : Warning: NUMERIC_STD.TO_INTEGER: metavalue detected, returning 0
at 9955 ns, Instance /cpu_top_tb/UUT/MMU0/RAM0/ : Warning: NUMERIC_STD.TO_INTEGER: metavalue detected, returning 0
at 9955 ns, Instance /cpu_top_tb/UUT/MMU0/SFR0/ : Warning: NUMERIC_STD.TO_INTEGER: metavalue detected, returning 0
at 9985 ns, Instance /cpu_top_tb/UUT/MMU0/RAM0/ : Warning: NUMERIC_STD.TO_INTEGER: metavalue detected, returning 0
at 9985 ns, Instance /cpu_top_tb/UUT/MMU0/SFR0/ : Warning: NUMERIC_STD.TO_INTEGER: metavalue detected, returning 0
